<?xml version="1.0" encoding="UTF-8"?>
<!-- Generated by org.testng.reporters.JUnitXMLReporter -->
<testsuite ignored="0" hostname="DESKTOP-79MFPOS" failures="0" tests="5" name="Default test" time="16.064" errors="0" timestamp="2023-09-22T21:16:51 IST">
  <testcase classname="testNGAnnotations_Flags.ActiTimeDataProvider" name="invalidLoginMethod" time="4.008"/>
  <testcase classname="testNGAnnotations_Flags.ActiTimeDataProvider" name="invalidLoginMethod" time="2.881"/>
  <testcase classname="testNGAnnotations_Flags.ActiTimeDataProvider" name="invalidLoginMethod" time="2.811"/>
  <testcase classname="testNGAnnotations_Flags.ActiTimeDataProvider" name="invalidLoginMethod" time="3.106"/>
  <testcase classname="testNGAnnotations_Flags.ActiTimeDataProvider" name="invalidLoginMethod" time="3.186"/>
</testsuite> <!-- Default test -->
