<?xml version="1.0" encoding="UTF-8"?>
<testng-results ignored="0" total="5" passed="5" failed="0" skipped="0">
  <reporter-output>
  </reporter-output>
  <suite started-at="2023-09-22T21:16:35 IST" name="Default suite" finished-at="2023-09-22T21:16:51 IST" duration-ms="16064">
    <groups>
    </groups>
    <test started-at="2023-09-22T21:16:35 IST" name="Default test" finished-at="2023-09-22T21:16:51 IST" duration-ms="16064">
      <class name="testNGAnnotations_Flags.ActiTimeDataProvider">
        <test-method signature="invalidLoginMethod(java.lang.String,java.lang.String)[pri:0, instance:testNGAnnotations_Flags.ActiTimeDataProvider@4a83a74a]" started-at="2023-09-22T21:16:35 IST" name="invalidLoginMethod" data-provider="actiTimeTestData" finished-at="2023-09-22T21:16:39 IST" duration-ms="4008" status="PASS">
          <params>
            <param index="0">
              <value>
                <![CDATA[admin]]>
              </value>
            </param>
            <param index="1">
              <value>
                <![CDATA[     ]]>
              </value>
            </param>
          </params>
          <reporter-output>
          </reporter-output>
        </test-method> <!-- invalidLoginMethod -->
        <test-method signature="invalidLoginMethod(java.lang.String,java.lang.String)[pri:0, instance:testNGAnnotations_Flags.ActiTimeDataProvider@4a83a74a]" started-at="2023-09-22T21:16:39 IST" name="invalidLoginMethod" data-provider="actiTimeTestData" finished-at="2023-09-22T21:16:42 IST" duration-ms="2881" status="PASS">
          <params>
            <param index="0">
              <value>
                <![CDATA[     ]]>
              </value>
            </param>
            <param index="1">
              <value>
                <![CDATA[manager]]>
              </value>
            </param>
          </params>
          <reporter-output>
          </reporter-output>
        </test-method> <!-- invalidLoginMethod -->
        <test-method signature="invalidLoginMethod(java.lang.String,java.lang.String)[pri:0, instance:testNGAnnotations_Flags.ActiTimeDataProvider@4a83a74a]" started-at="2023-09-22T21:16:42 IST" name="invalidLoginMethod" data-provider="actiTimeTestData" finished-at="2023-09-22T21:16:45 IST" duration-ms="2811" status="PASS">
          <params>
            <param index="0">
              <value>
                <![CDATA[ad_min]]>
              </value>
            </param>
            <param index="1">
              <value>
                <![CDATA[mana_ger]]>
              </value>
            </param>
          </params>
          <reporter-output>
          </reporter-output>
        </test-method> <!-- invalidLoginMethod -->
        <test-method signature="invalidLoginMethod(java.lang.String,java.lang.String)[pri:0, instance:testNGAnnotations_Flags.ActiTimeDataProvider@4a83a74a]" started-at="2023-09-22T21:16:45 IST" name="invalidLoginMethod" data-provider="actiTimeTestData" finished-at="2023-09-22T21:16:48 IST" duration-ms="3106" status="PASS">
          <params>
            <param index="0">
              <value>
                <![CDATA[manager]]>
              </value>
            </param>
            <param index="1">
              <value>
                <![CDATA[admin]]>
              </value>
            </param>
          </params>
          <reporter-output>
          </reporter-output>
        </test-method> <!-- invalidLoginMethod -->
        <test-method signature="invalidLoginMethod(java.lang.String,java.lang.String)[pri:0, instance:testNGAnnotations_Flags.ActiTimeDataProvider@4a83a74a]" started-at="2023-09-22T21:16:48 IST" name="invalidLoginMethod" data-provider="actiTimeTestData" finished-at="2023-09-22T21:16:51 IST" duration-ms="3186" status="PASS">
          <params>
            <param index="0">
              <value>
                <![CDATA[admin123]]>
              </value>
            </param>
            <param index="1">
              <value>
                <![CDATA[manager456]]>
              </value>
            </param>
          </params>
          <reporter-output>
          </reporter-output>
        </test-method> <!-- invalidLoginMethod -->
      </class> <!-- testNGAnnotations_Flags.ActiTimeDataProvider -->
    </test> <!-- Default test -->
  </suite> <!-- Default suite -->
</testng-results>
